<?xml version="1.0" encoding="utf-8"?><testsuites name="pytest tests"><testsuite name="pytest" errors="0" failures="0" skipped="0" tests="5" time="1.813" timestamp="2026-05-28T16:34:11.069538+00:00" hostname="agent-env-590ddc7a-b3d3-4d3d-9cef-0d91b0489f9e"><testcase classname="backend.tests.test_comprobante_flow.TestComprobanteFlow" name="test_admin_login_returns_access_token" time="0.408" /><testcase classname="backend.tests.test_comprobante_flow.TestComprobanteFlow" name="test_create_registration_default_state_pendiente" time="0.070" /><testcase classname="backend.tests.test_comprobante_flow.TestComprobanteFlow" name="test_upload_comprobante_updates_state" time="0.573" /><testcase classname="backend.tests.test_comprobante_flow.TestComprobanteFlow" name="test_upload_comprobante_invalid_id_returns_404" time="0.075" /><testcase classname="backend.tests.test_comprobante_flow.TestComprobanteFlow" name="test_upload_comprobante_invalid_type_rejected" time="0.621" /></testsuite></testsuites>